Using pre-set license
Built from '2020.3/staging' branch; Version is '2020.3.14f1 (d0d1bb862f9d) revision 13685179'; Using compiler version '192528614'; Build Type 'Release'
OS: 'Windows 10 Education; OS build 19043.1110; Version 2009; 64bit' Language: 'ko' Physical Memory: 7916 MB
BatchMode: 1, IsHumanControllingUs: 0, StartBugReporterOnCrash: 0, Is64bit: 1, IsPro: 0

 COMMAND LINE ARGUMENTS:
C:\Program Files\Unity\Hub\Editor\2020.3.14f1\Editor\Unity.exe
-adb2
-batchMode
-noUpm
-name
AssetImportWorker0
-projectPath
C:/Users/한종훈/Desktop/UintyProjects/RetroDungeon
-logFile
Logs/AssetImportWorker0.log
-srvPort
12688
Successfully changed project path to: C:/Users/한종훈/Desktop/UintyProjects/RetroDungeon
C:/Users/한종훈/Desktop/UintyProjects/RetroDungeon
Using Asset Import Pipeline V2.
Refreshing native plugins compatible for Editor in 49.39 ms, found 3 plugins.
Preloading 0 native plugins for Editor in 0.00 ms.
Initialize engine version: 2020.3.14f1 (d0d1bb862f9d)
[Subsystems] Discovering subsystems at path C:/Program Files/Unity/Hub/Editor/2020.3.14f1/Editor/Data/Resources/UnitySubsystems
[Subsystems] Discovering subsystems at path C:/Users/한종훈/Desktop/UintyProjects/RetroDungeon/Assets
GfxDevice: creating device client; threaded=0
Direct3D:
    Version:  Direct3D 11.0 [level 11.1]
    Renderer: Intel(R) Iris(R) Xe Graphics (ID=0x9a49)
    Vendor:   
    VRAM:     3958 MB
    Driver:   27.20.100.8853
Initialize mono
Mono path[0] = 'C:/Program Files/Unity/Hub/Editor/2020.3.14f1/Editor/Data/Managed'
Mono path[1] = 'C:/Program Files/Unity/Hub/Editor/2020.3.14f1/Editor/Data/MonoBleedingEdge/lib/mono/unityjit'
Mono config path = 'C:/Program Files/Unity/Hub/Editor/2020.3.14f1/Editor/Data/MonoBleedingEdge/etc'
Using monoOptions --debugger-agent=transport=dt_socket,embedding=1,server=y,suspend=n,address=127.0.0.1:56272
Begin MonoManager ReloadAssembly
Registering precompiled unity dll's ...
Register platform support module: C:/Program Files/Unity/Hub/Editor/2020.3.14f1/Editor/Data/PlaybackEngines/WindowsStandaloneSupport/UnityEditor.WindowsStandalone.Extensions.dll
Registered in 0.001350 seconds.
Native extension for WindowsStandalone target not found
Refreshing native plugins compatible for Editor in 40.36 ms, found 3 plugins.
Preloading 0 native plugins for Editor in 0.00 ms.
Mono: successfully reloaded assembly
- Completed reload, in  1.646 seconds
Domain Reload Profiling:
	ReloadAssembly (1646ms)
		BeginReloadAssembly (43ms)
			ExecutionOrderSort (0ms)
			DisableScriptedObjects (0ms)
			BackupInstance (0ms)
			ReleaseScriptingObjects (0ms)
			CreateAndSetChildDomain (1ms)
		EndReloadAssembly (369ms)
			LoadAssemblies (41ms)
			RebuildTransferFunctionScriptingTraits (0ms)
			SetupTypeCache (114ms)
			ReleaseScriptCaches (0ms)
			RebuildScriptCaches (37ms)
			SetupLoadedEditorAssemblies (146ms)
				LogAssemblyErrors (0ms)
				InitializePlatformSupportModulesInManaged (4ms)
				SetLoadedEditorAssemblies (0ms)
				RefreshPlugins (40ms)
				BeforeProcessingInitializeOnLoad (12ms)
				ProcessInitializeOnLoadAttributes (67ms)
				ProcessInitializeOnLoadMethodAttributes (22ms)
				AfterProcessingInitializeOnLoad (0ms)
				EditorAssembliesLoaded (0ms)
			ExecutionOrderSort2 (0ms)
			AwakeInstancesAfterBackupRestoration (0ms)
Platform modules already initialized, skipping
Registering precompiled user dll's ...
Registered in 0.003151 seconds.
Begin MonoManager ReloadAssembly
Native extension for WindowsStandalone target not found
Refreshing native plugins compatible for Editor in 37.80 ms, found 3 plugins.
Preloading 0 native plugins for Editor in 0.00 ms.
Mono: successfully reloaded assembly
- Completed reload, in  1.039 seconds
Domain Reload Profiling:
	ReloadAssembly (1040ms)
		BeginReloadAssembly (136ms)
			ExecutionOrderSort (0ms)
			DisableScriptedObjects (4ms)
			BackupInstance (0ms)
			ReleaseScriptingObjects (0ms)
			CreateAndSetChildDomain (22ms)
		EndReloadAssembly (844ms)
			LoadAssemblies (127ms)
			RebuildTransferFunctionScriptingTraits (0ms)
			SetupTypeCache (266ms)
			ReleaseScriptCaches (0ms)
			RebuildScriptCaches (49ms)
			SetupLoadedEditorAssemblies (303ms)
				LogAssemblyErrors (0ms)
				InitializePlatformSupportModulesInManaged (3ms)
				SetLoadedEditorAssemblies (0ms)
				RefreshPlugins (38ms)
				BeforeProcessingInitializeOnLoad (81ms)
				ProcessInitializeOnLoadAttributes (167ms)
				ProcessInitializeOnLoadMethodAttributes (10ms)
				AfterProcessingInitializeOnLoad (4ms)
				EditorAssembliesLoaded (0ms)
			ExecutionOrderSort2 (0ms)
			AwakeInstancesAfterBackupRestoration (5ms)
Platform modules already initialized, skipping
========================================================================
Worker process is ready to serve import requests
Launched and connected shader compiler UnityShaderCompiler.exe after 0.04 seconds
Refreshing native plugins compatible for Editor in 0.47 ms, found 3 plugins.
Preloading 0 native plugins for Editor in 0.00 ms.
Unloading 2117 Unused Serialized files (Serialized files now loaded: 0)
System memory in use before: 97.0 MB.
System memory in use after: 97.1 MB.

Unloading 28 unused Assets to reduce memory usage. Loaded Objects now: 2556.
Total: 3.387200 ms (FindLiveObjects: 0.261300 ms CreateObjectMapping: 0.054600 ms MarkObjects: 2.963000 ms  DeleteObjects: 0.107200 ms)

AssetImportParameters requested are different than current active one (requested -> active):
  custom:framework-win-MediaFoundation: 216162199b28c13a410421893ffa2e32 -> 
  custom:video-decoder-ogg-theora: a1e56fd34408186e4bbccfd4996cb3dc -> 
  custom:container-muxer-webm: aa71ff27fc2769a1b78a27578f13a17b -> 
  custom:container-demuxer-webm: 4f35f7cbe854078d1ac9338744f61a02 -> 
  custom:container-demuxer-ogg: 62fdf1f143b41e24485cea50d1cbac27 -> 
  custom:video-encoder-webm-vp8: eb34c28f22e8b96e1ab97ce403110664 -> 
  custom:video-decoder-webm-vp8: 9c59270c3fd7afecdb556c50c9e8de78 -> 
  custom:audio-decoder-ogg-vorbis: bf7c407c2cedff20999df2af8eb42d56 -> 
  custom:audio-encoder-webm-vorbis: bf7c407c2cedff20999df2af8eb42d56 -> 
========================================================================
Received Import Request.
  path: Assets/First Palette.prefab
  artifactKey: Guid(8cb79c97bb8c7684f89ac7bf6c468fd8) Importer(815301076,1909f56bfc062723c751e8b465ee728b)
Start importing Assets/First Palette.prefab using Guid(8cb79c97bb8c7684f89ac7bf6c468fd8) Importer(815301076,1909f56bfc062723c751e8b465ee728b)  -> (artifact id: '288191515c4d5209ed77c985265c864d') in 0.120215 seconds 
  Import took 0.123108 seconds .

========================================================================
Received Import Request.
  Time since last request: 119.696750 seconds.
  path: Assets/Scenes/SampleScene.unity
  artifactKey: Guid(2cda990e2423bbf4892e6590ba056729) Importer(815301076,1909f56bfc062723c751e8b465ee728b)
Start importing Assets/Scenes/SampleScene.unity using Guid(2cda990e2423bbf4892e6590ba056729) Importer(815301076,1909f56bfc062723c751e8b465ee728b)  -> (artifact id: 'c51caaca1a0f8c3e6542984c02b6a98f') in 0.008540 seconds 
  Import took 0.012920 seconds .

========================================================================
Received Import Request.
  Time since last request: 27.830860 seconds.
  path: Packages/com.unity.2d.path
  artifactKey: Guid(b408cb5710d3960a737996681ad0c300) Importer(815301076,1909f56bfc062723c751e8b465ee728b)
Start importing Packages/com.unity.2d.path using Guid(b408cb5710d3960a737996681ad0c300) Importer(815301076,1909f56bfc062723c751e8b465ee728b)  -> (artifact id: 'eab3aba49165f8247a4276832bd0928d') in 0.015283 seconds 
  Import took 0.018975 seconds .

========================================================================
Received Import Request.
  Time since last request: 0.000956 seconds.
  path: Packages/com.unity.2d.path
  artifactKey: Guid(b408cb5710d3960a737996681ad0c300) Importer(815301076,1909f56bfc062723c751e8b465ee728b)
Start importing Packages/com.unity.2d.path using Guid(b408cb5710d3960a737996681ad0c300) Importer(815301076,1909f56bfc062723c751e8b465ee728b)  -> (artifact id: 'eab3aba49165f8247a4276832bd0928d') in 0.002145 seconds 
  Import took 0.005821 seconds .

========================================================================
Received Import Request.
  Time since last request: 3.050722 seconds.
  path: Packages/com.unity.2d.path/package.json
  artifactKey: Guid(990785fe75c54584ab4201a3e20e1655) Importer(815301076,1909f56bfc062723c751e8b465ee728b)
Start importing Packages/com.unity.2d.path/package.json using Guid(990785fe75c54584ab4201a3e20e1655) Importer(815301076,1909f56bfc062723c751e8b465ee728b)  -> (artifact id: '4ca8886ada62910f72092da097ff3b32') in 0.021133 seconds 
  Import took 0.024440 seconds .

========================================================================
Received Import Request.
  Time since last request: 8.482431 seconds.
  path: Packages/com.unity.2d.animation
  artifactKey: Guid(bb5c94055a953b6081dfc49350569eb1) Importer(815301076,1909f56bfc062723c751e8b465ee728b)
Start importing Packages/com.unity.2d.animation using Guid(bb5c94055a953b6081dfc49350569eb1) Importer(815301076,1909f56bfc062723c751e8b465ee728b)  -> (artifact id: '09fa518512abe465e781a54efa05d46a') in 0.009061 seconds 
  Import took 0.012828 seconds .

========================================================================
Received Import Request.
  Time since last request: 0.001138 seconds.
  path: Packages/com.unity.2d.animation/package.json
  artifactKey: Guid(9e83c20a8293f44ec8a375d3805f477d) Importer(815301076,1909f56bfc062723c751e8b465ee728b)
Start importing Packages/com.unity.2d.animation/package.json using Guid(9e83c20a8293f44ec8a375d3805f477d) Importer(815301076,1909f56bfc062723c751e8b465ee728b)  -> (artifact id: '69fe188d5ff8e83b9163b5b67c2a4b8c') in 0.003097 seconds 
  Import took 0.007222 seconds .

========================================================================
Received Import Request.
  Time since last request: 166.767725 seconds.
  path: Assets/Scenes
  artifactKey: Guid(90faaa332e4a7564381122b78e65306c) Importer(815301076,1909f56bfc062723c751e8b465ee728b)
Start importing Assets/Scenes using Guid(90faaa332e4a7564381122b78e65306c) Importer(815301076,1909f56bfc062723c751e8b465ee728b)  -> (artifact id: '5122881c3dd376011a01f3d4ed1cb859') in 0.007286 seconds 
  Import took 0.010516 seconds .

========================================================================
Received Import Request.
  Time since last request: 0.660397 seconds.
  path: Assets/Scenes/SampleScene.unity
  artifactKey: Guid(2cda990e2423bbf4892e6590ba056729) Importer(815301076,1909f56bfc062723c751e8b465ee728b)
Start importing Assets/Scenes/SampleScene.unity using Guid(2cda990e2423bbf4892e6590ba056729) Importer(815301076,1909f56bfc062723c751e8b465ee728b)  -> (artifact id: '1d5bbd7dcde2d409b464d83beb544221') in 0.002566 seconds 
  Import took 0.006951 seconds .

========================================================================
Received Import Request.
  Time since last request: 2.017900 seconds.
  path: Assets/Scenes/SampleScene.unity
  artifactKey: Guid(2cda990e2423bbf4892e6590ba056729) Importer(815301076,1909f56bfc062723c751e8b465ee728b)
Start importing Assets/Scenes/SampleScene.unity using Guid(2cda990e2423bbf4892e6590ba056729) Importer(815301076,1909f56bfc062723c751e8b465ee728b)  -> (artifact id: '377ea255bd18ac5696c4f0d5bfaedbd6') in 0.001933 seconds 
  Import took 0.005029 seconds .

========================================================================
Received Import Request.
  Time since last request: 19.763313 seconds.
  path: Assets
  artifactKey: Guid(00000000000000001000000000000000) Importer(815301076,1909f56bfc062723c751e8b465ee728b)
Start importing Assets using Guid(00000000000000001000000000000000) Importer(815301076,1909f56bfc062723c751e8b465ee728b)  -> (artifact id: '42d402b061de3733987d63b9cc3b64de') in 0.009636 seconds 
  Import took 0.013091 seconds .

========================================================================
Received Import Request.
  Time since last request: 43.083773 seconds.
  path: Assets/Scripts
  artifactKey: Guid(f769ab9b5803c424293454d2808c1779) Importer(815301076,1909f56bfc062723c751e8b465ee728b)
Start importing Assets/Scripts using Guid(f769ab9b5803c424293454d2808c1779) Importer(815301076,1909f56bfc062723c751e8b465ee728b)  -> (artifact id: '0121842c4db560681ec31042a8220dbb') in 0.008169 seconds 
  Import took 0.012548 seconds .

========================================================================
Received Import Request.
  Time since last request: 7.765704 seconds.
  path: Assets/Script
  artifactKey: Guid(f769ab9b5803c424293454d2808c1779) Importer(815301076,1909f56bfc062723c751e8b465ee728b)
Start importing Assets/Script using Guid(f769ab9b5803c424293454d2808c1779) Importer(815301076,1909f56bfc062723c751e8b465ee728b)  -> (artifact id: '6cebfe09c233ab8ca6c247c9cd156f0d') in 0.009116 seconds 
  Import took 0.012813 seconds .

========================================================================
Received Import Request.
  Time since last request: 17.676613 seconds.
  path: Assets/Scripts/Managers_
  artifactKey: Guid(fdb6ddbe0f0ac3942b98b82330f786de) Importer(815301076,1909f56bfc062723c751e8b465ee728b)
Start importing Assets/Scripts/Managers_ using Guid(fdb6ddbe0f0ac3942b98b82330f786de) Importer(815301076,1909f56bfc062723c751e8b465ee728b)  -> (artifact id: '6d5a287c09986eb4572a0acbe3754277') in 0.007621 seconds 
  Import took 0.010884 seconds .

========================================================================
Received Import Request.
  Time since last request: 4.368225 seconds.
  path: Assets/Scripts/Managers
  artifactKey: Guid(fdb6ddbe0f0ac3942b98b82330f786de) Importer(815301076,1909f56bfc062723c751e8b465ee728b)
Start importing Assets/Scripts/Managers using Guid(fdb6ddbe0f0ac3942b98b82330f786de) Importer(815301076,1909f56bfc062723c751e8b465ee728b)  -> (artifact id: 'dc04a391ab01e07c682955b3374e203e') in 0.008890 seconds 
  Import took 0.012531 seconds .

========================================================================
Received Import Request.
  Time since last request: 54.364379 seconds.
  path: Assets/Resources
  artifactKey: Guid(44823efaa9502b94ab50c1378379a6a0) Importer(815301076,1909f56bfc062723c751e8b465ee728b)
Start importing Assets/Resources using Guid(44823efaa9502b94ab50c1378379a6a0) Importer(815301076,1909f56bfc062723c751e8b465ee728b)  -> (artifact id: 'b2308853650b5f48eab63ff810968c9c') in 0.015816 seconds 
  Import took 0.018763 seconds .

========================================================================
Received Import Request.
  Time since last request: 54.612435 seconds.
  path: Assets/Resources/Map
  artifactKey: Guid(cfd2c9233dc6a954f85a71ab998db0bb) Importer(815301076,1909f56bfc062723c751e8b465ee728b)
Start importing Assets/Resources/Map using Guid(cfd2c9233dc6a954f85a71ab998db0bb) Importer(815301076,1909f56bfc062723c751e8b465ee728b)  -> (artifact id: '123bc274d6bfcd26e252258839daff67') in 0.015690 seconds 
  Import took 0.019267 seconds .

========================================================================
Received Import Request.
  Time since last request: 59.555818 seconds.
  path: Assets/Resources/Map/Tile
  artifactKey: Guid(9606eeb912da3f54baaf5bce1c2255f7) Importer(815301076,1909f56bfc062723c751e8b465ee728b)
Start importing Assets/Resources/Map/Tile using Guid(9606eeb912da3f54baaf5bce1c2255f7) Importer(815301076,1909f56bfc062723c751e8b465ee728b)  -> (artifact id: 'cb6e589ec892beaf86060e6c5a151e30') in 0.016281 seconds 
  Import took 0.020931 seconds .

========================================================================
Received Import Request.
  Time since last request: 3.989025 seconds.
  path: Assets/Resources/Map/Tiles
  artifactKey: Guid(9606eeb912da3f54baaf5bce1c2255f7) Importer(815301076,1909f56bfc062723c751e8b465ee728b)
Start importing Assets/Resources/Map/Tiles using Guid(9606eeb912da3f54baaf5bce1c2255f7) Importer(815301076,1909f56bfc062723c751e8b465ee728b)  -> (artifact id: 'd23007787888faaa0ed0746df1956456') in 0.014468 seconds 
  Import took 0.018511 seconds .

========================================================================
Received Import Request.
  Time since last request: 15.283717 seconds.
  path: Assets/Scripts/Managers/Managers.cs
  artifactKey: Guid(6883419d90639c74d8ef5536645c2e39) Importer(815301076,1909f56bfc062723c751e8b465ee728b)
Start importing Assets/Scripts/Managers/Managers.cs using Guid(6883419d90639c74d8ef5536645c2e39) Importer(815301076,1909f56bfc062723c751e8b465ee728b)  -> (artifact id: '661f7e7fc223a44a5aaa7ceb258c5b6a') in 0.003944 seconds 
  Import took 0.007858 seconds .

========================================================================
Received Prepare
Registering precompiled user dll's ...
Registered in 0.004266 seconds.
Begin MonoManager ReloadAssembly
Native extension for WindowsStandalone target not found
Refreshing native plugins compatible for Editor in 0.47 ms, found 3 plugins.
Preloading 0 native plugins for Editor in 0.00 ms.
Mono: successfully reloaded assembly
- Completed reload, in  0.825 seconds
Domain Reload Profiling:
	ReloadAssembly (825ms)
		BeginReloadAssembly (95ms)
			ExecutionOrderSort (0ms)
			DisableScriptedObjects (4ms)
			BackupInstance (0ms)
			ReleaseScriptingObjects (0ms)
			CreateAndSetChildDomain (28ms)
		EndReloadAssembly (685ms)
			LoadAssemblies (59ms)
			RebuildTransferFunctionScriptingTraits (0ms)
			SetupTypeCache (253ms)
			ReleaseScriptCaches (1ms)
			RebuildScriptCaches (38ms)
			SetupLoadedEditorAssemblies (250ms)
				LogAssemblyErrors (0ms)
				InitializePlatformSupportModulesInManaged (4ms)
				SetLoadedEditorAssemblies (0ms)
				RefreshPlugins (1ms)
				BeforeProcessingInitializeOnLoad (75ms)
				ProcessInitializeOnLoadAttributes (161ms)
				ProcessInitializeOnLoadMethodAttributes (5ms)
				AfterProcessingInitializeOnLoad (4ms)
				EditorAssembliesLoaded (0ms)
			ExecutionOrderSort2 (0ms)
			AwakeInstancesAfterBackupRestoration (8ms)
Platform modules already initialized, skipping
Refreshing native plugins compatible for Editor in 0.43 ms, found 3 plugins.
Preloading 0 native plugins for Editor in 0.00 ms.
Unloading 2107 Unused Serialized files (Serialized files now loaded: 0)
System memory in use before: 99.4 MB.
System memory in use after: 99.6 MB.

Unloading 16 unused Assets to reduce memory usage. Loaded Objects now: 2568.
Total: 1.723400 ms (FindLiveObjects: 0.132700 ms CreateObjectMapping: 0.036000 ms MarkObjects: 1.536400 ms  DeleteObjects: 0.016600 ms)

AssetImportParameters requested are different than current active one (requested -> active):
  custom:framework-win-MediaFoundation: 216162199b28c13a410421893ffa2e32 -> 
  custom:video-decoder-ogg-theora: a1e56fd34408186e4bbccfd4996cb3dc -> 
  custom:container-muxer-webm: aa71ff27fc2769a1b78a27578f13a17b -> 
  custom:container-demuxer-webm: 4f35f7cbe854078d1ac9338744f61a02 -> 
  custom:container-demuxer-ogg: 62fdf1f143b41e24485cea50d1cbac27 -> 
  custom:video-encoder-webm-vp8: eb34c28f22e8b96e1ab97ce403110664 -> 
  custom:video-decoder-webm-vp8: 9c59270c3fd7afecdb556c50c9e8de78 -> 
  custom:audio-decoder-ogg-vorbis: bf7c407c2cedff20999df2af8eb42d56 -> 
  custom:audio-encoder-webm-vorbis: bf7c407c2cedff20999df2af8eb42d56 -> 
AssetImportWorkerClient::OnTransportError - code=2 error=End of file
