Using pre-set license
Built from '2020.3/staging' branch; Version is '2020.3.14f1 (d0d1bb862f9d) revision 13685179'; Using compiler version '192528614'; Build Type 'Release'
OS: 'Windows 10 Education; OS build 19043.1237; Version 2009; 64bit' Language: 'ko' Physical Memory: 7916 MB
BatchMode: 1, IsHumanControllingUs: 0, StartBugReporterOnCrash: 0, Is64bit: 1, IsPro: 0

 COMMAND LINE ARGUMENTS:
C:\Program Files\Unity\Hub\Editor\2020.3.14f1\Editor\Unity.exe
-adb2
-batchMode
-noUpm
-name
AssetImportWorker0
-projectPath
C:/Users/한종훈/Desktop/UnityProjects/RetroDungeon
-logFile
Logs/AssetImportWorker0.log
-srvPort
9638
Successfully changed project path to: C:/Users/한종훈/Desktop/UnityProjects/RetroDungeon
C:/Users/한종훈/Desktop/UnityProjects/RetroDungeon
Using Asset Import Pipeline V2.
Refreshing native plugins compatible for Editor in 64.04 ms, found 3 plugins.
Preloading 0 native plugins for Editor in 0.00 ms.
Initialize engine version: 2020.3.14f1 (d0d1bb862f9d)
[Subsystems] Discovering subsystems at path C:/Program Files/Unity/Hub/Editor/2020.3.14f1/Editor/Data/Resources/UnitySubsystems
[Subsystems] Discovering subsystems at path C:/Users/한종훈/Desktop/UnityProjects/RetroDungeon/Assets
GfxDevice: creating device client; threaded=0
Direct3D:
    Version:  Direct3D 11.0 [level 11.1]
    Renderer: Intel(R) Iris(R) Xe Graphics (ID=0x9a49)
    Vendor:   
    VRAM:     3958 MB
    Driver:   27.20.100.8853
Shader 'Universal Render Pipeline/Particles/Lit': fallback shader 'Universal Render Pipeline/Particles/SimpleLit' not found
Initialize mono
Mono path[0] = 'C:/Program Files/Unity/Hub/Editor/2020.3.14f1/Editor/Data/Managed'
Mono path[1] = 'C:/Program Files/Unity/Hub/Editor/2020.3.14f1/Editor/Data/MonoBleedingEdge/lib/mono/unityjit'
Mono config path = 'C:/Program Files/Unity/Hub/Editor/2020.3.14f1/Editor/Data/MonoBleedingEdge/etc'
Using monoOptions --debugger-agent=transport=dt_socket,embedding=1,server=y,suspend=n,address=127.0.0.1:56048
Begin MonoManager ReloadAssembly
Registering precompiled unity dll's ...
Register platform support module: C:/Program Files/Unity/Hub/Editor/2020.3.14f1/Editor/Data/PlaybackEngines/WindowsStandaloneSupport/UnityEditor.WindowsStandalone.Extensions.dll
Registered in 0.002709 seconds.
Native extension for WindowsStandalone target not found
Refreshing native plugins compatible for Editor in 61.19 ms, found 3 plugins.
Preloading 0 native plugins for Editor in 0.00 ms.
Mono: successfully reloaded assembly
- Completed reload, in  3.529 seconds
Domain Reload Profiling:
	ReloadAssembly (3529ms)
		BeginReloadAssembly (58ms)
			ExecutionOrderSort (0ms)
			DisableScriptedObjects (0ms)
			BackupInstance (0ms)
			ReleaseScriptingObjects (0ms)
			CreateAndSetChildDomain (1ms)
		EndReloadAssembly (346ms)
			LoadAssemblies (55ms)
			RebuildTransferFunctionScriptingTraits (0ms)
			SetupTypeCache (102ms)
			ReleaseScriptCaches (0ms)
			RebuildScriptCaches (27ms)
			SetupLoadedEditorAssemblies (159ms)
				LogAssemblyErrors (0ms)
				InitializePlatformSupportModulesInManaged (3ms)
				SetLoadedEditorAssemblies (0ms)
				RefreshPlugins (61ms)
				BeforeProcessingInitializeOnLoad (13ms)
				ProcessInitializeOnLoadAttributes (61ms)
				ProcessInitializeOnLoadMethodAttributes (20ms)
				AfterProcessingInitializeOnLoad (0ms)
				EditorAssembliesLoaded (0ms)
			ExecutionOrderSort2 (0ms)
			AwakeInstancesAfterBackupRestoration (0ms)
Platform modules already initialized, skipping
Registering precompiled user dll's ...
Registered in 0.013022 seconds.
Begin MonoManager ReloadAssembly
Native extension for WindowsStandalone target not found
Refreshing native plugins compatible for Editor in 72.67 ms, found 3 plugins.
Preloading 0 native plugins for Editor in 0.00 ms.
DisplayProgressbar: Restoring NuGet Packages
Mono: successfully reloaded assembly
- Completed reload, in  1.298 seconds
Domain Reload Profiling:
	ReloadAssembly (1298ms)
		BeginReloadAssembly (98ms)
			ExecutionOrderSort (0ms)
			DisableScriptedObjects (3ms)
			BackupInstance (0ms)
			ReleaseScriptingObjects (0ms)
			CreateAndSetChildDomain (14ms)
		EndReloadAssembly (1145ms)
			LoadAssemblies (104ms)
			RebuildTransferFunctionScriptingTraits (0ms)
			SetupTypeCache (267ms)
			ReleaseScriptCaches (0ms)
			RebuildScriptCaches (58ms)
			SetupLoadedEditorAssemblies (611ms)
				LogAssemblyErrors (0ms)
				InitializePlatformSupportModulesInManaged (3ms)
				SetLoadedEditorAssemblies (0ms)
				RefreshPlugins (73ms)
				BeforeProcessingInitializeOnLoad (89ms)
				ProcessInitializeOnLoadAttributes (429ms)
				ProcessInitializeOnLoadMethodAttributes (13ms)
				AfterProcessingInitializeOnLoad (4ms)
				EditorAssembliesLoaded (0ms)
			ExecutionOrderSort2 (0ms)
			AwakeInstancesAfterBackupRestoration (4ms)
Platform modules already initialized, skipping
========================================================================
Worker process is ready to serve import requests
Shader 'Universal Render Pipeline/Particles/Lit': fallback shader 'Universal Render Pipeline/Particles/SimpleLit' not found
Launched and connected shader compiler UnityShaderCompiler.exe after 0.04 seconds
Refreshing native plugins compatible for Editor in 0.72 ms, found 3 plugins.
Preloading 0 native plugins for Editor in 0.00 ms.
Unloading 3636 Unused Serialized files (Serialized files now loaded: 0)
System memory in use before: 230.9 MB.
System memory in use after: 231.1 MB.

Unloading 34 unused Assets to reduce memory usage. Loaded Objects now: 4080.
Total: 2.668500 ms (FindLiveObjects: 0.217400 ms CreateObjectMapping: 0.095600 ms MarkObjects: 2.312000 ms  DeleteObjects: 0.042400 ms)

AssetImportParameters requested are different than current active one (requested -> active):
  custom:framework-win-MediaFoundation: 216162199b28c13a410421893ffa2e32 -> 
  custom:video-decoder-ogg-theora: a1e56fd34408186e4bbccfd4996cb3dc -> 
  custom:container-muxer-webm: aa71ff27fc2769a1b78a27578f13a17b -> 
  custom:container-demuxer-webm: 4f35f7cbe854078d1ac9338744f61a02 -> 
  custom:container-demuxer-ogg: 62fdf1f143b41e24485cea50d1cbac27 -> 
  custom:video-encoder-webm-vp8: eb34c28f22e8b96e1ab97ce403110664 -> 
  custom:video-decoder-webm-vp8: 9c59270c3fd7afecdb556c50c9e8de78 -> 
  custom:audio-decoder-ogg-vorbis: bf7c407c2cedff20999df2af8eb42d56 -> 
  custom:audio-encoder-webm-vorbis: bf7c407c2cedff20999df2af8eb42d56 -> 
========================================================================
Received Import Request.
  path: Assets/Scripts/Contents/World/RoomData
  artifactKey: Guid(92e34dc2b0280ee4e95cd606b140f2de) Importer(815301076,1909f56bfc062723c751e8b465ee728b)
Start importing Assets/Scripts/Contents/World/RoomData using Guid(92e34dc2b0280ee4e95cd606b140f2de) Importer(815301076,1909f56bfc062723c751e8b465ee728b)  -> (artifact id: 'fc09c72e720ec3400a34e28d766ad68e') in 0.011565 seconds 
  Import took 0.016852 seconds .

========================================================================
Received Import Request.
  Time since last request: 8.885621 seconds.
  path: Assets/Scripts/Contents/World/RoomData/BaseRoomData.cs
  artifactKey: Guid(b31029cad96a3544d95bd39691f2b8e4) Importer(815301076,1909f56bfc062723c751e8b465ee728b)
Start importing Assets/Scripts/Contents/World/RoomData/BaseRoomData.cs using Guid(b31029cad96a3544d95bd39691f2b8e4) Importer(815301076,1909f56bfc062723c751e8b465ee728b)  -> (artifact id: '39f215ff28a94d8c9bc68b8aa9deb4d5') in 0.046027 seconds 
  Import took 0.054157 seconds .

========================================================================
Received Import Request.
  Time since last request: 743.623909 seconds.
  path: Assets/Scripts/Contents/World/RoomData/BaseRoomData.cs
  artifactKey: Guid(b31029cad96a3544d95bd39691f2b8e4) Importer(815301076,1909f56bfc062723c751e8b465ee728b)
Start importing Assets/Scripts/Contents/World/RoomData/BaseRoomData.cs using Guid(b31029cad96a3544d95bd39691f2b8e4) Importer(815301076,1909f56bfc062723c751e8b465ee728b)  -> (artifact id: '9c9a43f6a2985ee5df5b6fdce12eb3bd') in 0.006051 seconds 
  Import took 0.012412 seconds .

========================================================================
Received Import Request.
  Time since last request: 14.721191 seconds.
  path: Assets/Scripts/Contents/World/RoomData/RoomData_Exit.cs
  artifactKey: Guid(64f27a52e6e2cf34d8d1b38e8ea341b6) Importer(815301076,1909f56bfc062723c751e8b465ee728b)
Start importing Assets/Scripts/Contents/World/RoomData/RoomData_Exit.cs using Guid(64f27a52e6e2cf34d8d1b38e8ea341b6) Importer(815301076,1909f56bfc062723c751e8b465ee728b)  -> (artifact id: '08883620adcddb31e41c78201be1321a') in 0.008959 seconds 
  Import took 0.016052 seconds .

========================================================================
Received Import Request.
  Time since last request: 12.300726 seconds.
  path: Assets/Scripts/Contents/World/RoomData/RoomData_Entrance.cs
  artifactKey: Guid(8bc25b00f279951499091e33bc35fbc4) Importer(815301076,1909f56bfc062723c751e8b465ee728b)
Start importing Assets/Scripts/Contents/World/RoomData/RoomData_Entrance.cs using Guid(8bc25b00f279951499091e33bc35fbc4) Importer(815301076,1909f56bfc062723c751e8b465ee728b)  -> (artifact id: 'ba648d8938d60ea905d06449eb257f25') in 0.008837 seconds 
  Import took 0.015683 seconds .

========================================================================
Received Import Request.
  Time since last request: 21.357777 seconds.
  path: Assets/Scripts/Contents/World/RoomData/RoomData_HiddenIsland.cs
  artifactKey: Guid(b1b93d72cd0503e46b844ddf0e6fda59) Importer(815301076,1909f56bfc062723c751e8b465ee728b)
Start importing Assets/Scripts/Contents/World/RoomData/RoomData_HiddenIsland.cs using Guid(b1b93d72cd0503e46b844ddf0e6fda59) Importer(815301076,1909f56bfc062723c751e8b465ee728b)  -> (artifact id: '40c3ec3fa86045cfe84e9255cdb1fd4a') in 0.009631 seconds 
  Import took 0.016017 seconds .

========================================================================
Received Import Request.
  Time since last request: 145.450387 seconds.
  path: Assets/Scripts/Contents/World/RoomData/RoomData_Entrance.cs
  artifactKey: Guid(8bc25b00f279951499091e33bc35fbc4) Importer(815301076,1909f56bfc062723c751e8b465ee728b)
Start importing Assets/Scripts/Contents/World/RoomData/RoomData_Entrance.cs using Guid(8bc25b00f279951499091e33bc35fbc4) Importer(815301076,1909f56bfc062723c751e8b465ee728b)  -> (artifact id: 'bd74d7a6f3060bcfb6c40f4cf73127da') in 0.004424 seconds 
  Import took 0.010345 seconds .

========================================================================
Received Import Request.
  Time since last request: 812.036179 seconds.
  path: Assets/Scripts/Contents/World/RoomData/RoomData_HiddenIsland.cs
  artifactKey: Guid(b1b93d72cd0503e46b844ddf0e6fda59) Importer(815301076,1909f56bfc062723c751e8b465ee728b)
Start importing Assets/Scripts/Contents/World/RoomData/RoomData_HiddenIsland.cs using Guid(b1b93d72cd0503e46b844ddf0e6fda59) Importer(815301076,1909f56bfc062723c751e8b465ee728b)  -> (artifact id: '55a7e78d9f12dc54d952f3974a0f0b3e') in 0.003030 seconds 
  Import took 0.010591 seconds .

========================================================================
Received Import Request.
  Time since last request: 4750.277133 seconds.
  path: Assets/Scripts/Contents/World/Dungeon/DungeonGenerator_ConwayLife.cs
  artifactKey: Guid(b6f5682a2dc882f47a0a5fd41768afbb) Importer(815301076,1909f56bfc062723c751e8b465ee728b)
Start importing Assets/Scripts/Contents/World/Dungeon/DungeonGenerator_ConwayLife.cs using Guid(b6f5682a2dc882f47a0a5fd41768afbb) Importer(815301076,1909f56bfc062723c751e8b465ee728b)  -> (artifact id: '485ca2c6ac529ab60037a953e37cb4d2') in 0.015298 seconds 
  Import took 0.037982 seconds .

========================================================================
Received Import Request.
  Time since last request: 22.888009 seconds.
  path: Assets/Scripts/Contents/World/Dungeon/BaseDungeonGenerator.cs
  artifactKey: Guid(b79bde60b874829419d828aff4405107) Importer(815301076,1909f56bfc062723c751e8b465ee728b)
Start importing Assets/Scripts/Contents/World/Dungeon/BaseDungeonGenerator.cs using Guid(b79bde60b874829419d828aff4405107) Importer(815301076,1909f56bfc062723c751e8b465ee728b)  -> (artifact id: '3678d27e0f91699fcab34d1d1442f3e9') in 0.011497 seconds 
  Import took 0.019928 seconds .

========================================================================
Received Import Request.
  Time since last request: 276.272228 seconds.
  path: Assets/Scripts/Contents/World/Dungeon/BaseDungeonGenerator.cs
  artifactKey: Guid(b79bde60b874829419d828aff4405107) Importer(815301076,1909f56bfc062723c751e8b465ee728b)
Start importing Assets/Scripts/Contents/World/Dungeon/BaseDungeonGenerator.cs using Guid(b79bde60b874829419d828aff4405107) Importer(815301076,1909f56bfc062723c751e8b465ee728b)  -> (artifact id: '47aef1becb21365527ced244d901f4af') in 0.004629 seconds 
  Import took 0.015015 seconds .

========================================================================
Received Import Request.
  Time since last request: 12.407866 seconds.
  path: Assets/Scripts/Contents/World/Dungeon/DungeonRenderer.cs
  artifactKey: Guid(e615cd40fde51e54db39413a1625831d) Importer(815301076,1909f56bfc062723c751e8b465ee728b)
Start importing Assets/Scripts/Contents/World/Dungeon/DungeonRenderer.cs using Guid(e615cd40fde51e54db39413a1625831d) Importer(815301076,1909f56bfc062723c751e8b465ee728b)  -> (artifact id: '037ded67a3bcbfb32071351f59bad1fd') in 0.012045 seconds 
  Import took 0.022337 seconds .

========================================================================
Received Import Request.
  Time since last request: 0.010281 seconds.
  path: Assets/Scripts/Contents/World/Dungeon/DungeonRenderer.cs
  artifactKey: Guid(e615cd40fde51e54db39413a1625831d) Importer(815301076,1909f56bfc062723c751e8b465ee728b)
Start importing Assets/Scripts/Contents/World/Dungeon/DungeonRenderer.cs using Guid(e615cd40fde51e54db39413a1625831d) Importer(815301076,1909f56bfc062723c751e8b465ee728b)  -> (artifact id: '037ded67a3bcbfb32071351f59bad1fd') in 0.006828 seconds 
  Import took 0.016237 seconds .

========================================================================
Received Import Request.
  Time since last request: 1564.698314 seconds.
  path: Assets/Scripts/Contents/World/Dungeon/DungeonRenderer.cs
  artifactKey: Guid(e615cd40fde51e54db39413a1625831d) Importer(815301076,1909f56bfc062723c751e8b465ee728b)
Start importing Assets/Scripts/Contents/World/Dungeon/DungeonRenderer.cs using Guid(e615cd40fde51e54db39413a1625831d) Importer(815301076,1909f56bfc062723c751e8b465ee728b)  -> (artifact id: '776fc8dd6ef56077da6d9e0a2632c207') in 0.009158 seconds 
  Import took 0.017646 seconds .

========================================================================
Received Import Request.
  Time since last request: 4.553523 seconds.
  path: Assets/Scripts/Contents/World/Dungeon/Map.cs
  artifactKey: Guid(27d23c4bdd7d8fc40a2b4614e6411122) Importer(815301076,1909f56bfc062723c751e8b465ee728b)
Start importing Assets/Scripts/Contents/World/Dungeon/Map.cs using Guid(27d23c4bdd7d8fc40a2b4614e6411122) Importer(815301076,1909f56bfc062723c751e8b465ee728b)  -> (artifact id: '0ce3b8c13a36e56b9a05a014953f5f54') in 0.014431 seconds 
  Import took 0.022539 seconds .

========================================================================
Received Import Request.
  Time since last request: 22.209184 seconds.
  path: Assets/Scripts/Contents/World/Dungeon/Map.cs
  artifactKey: Guid(27d23c4bdd7d8fc40a2b4614e6411122) Importer(815301076,1909f56bfc062723c751e8b465ee728b)
Start importing Assets/Scripts/Contents/World/Dungeon/Map.cs using Guid(27d23c4bdd7d8fc40a2b4614e6411122) Importer(815301076,1909f56bfc062723c751e8b465ee728b)  -> (artifact id: '69f8bbc2f113b7804caf73038d3eeea4') in 0.004503 seconds 
  Import took 0.010538 seconds .

========================================================================
Received Import Request.
  Time since last request: 230.249151 seconds.
  path: Assets/Resources/Prefabs/Dungeon.prefab
  artifactKey: Guid(095ed289657736a4f96159cf37e574f7) Importer(815301076,1909f56bfc062723c751e8b465ee728b)
Start importing Assets/Resources/Prefabs/Dungeon.prefab using Guid(095ed289657736a4f96159cf37e574f7) Importer(815301076,1909f56bfc062723c751e8b465ee728b)  -> (artifact id: '73c9df97f88c8813007fca5d1d6393b0') in 0.982133 seconds 
  Import took 0.988805 seconds .

========================================================================
Received Import Request.
  Time since last request: 14349.091455 seconds.
  path: Assets/Scripts/Contents/World/WorldPosition.cs
  artifactKey: Guid(5af6e81a81ae2b7418dce291c491430d) Importer(815301076,1909f56bfc062723c751e8b465ee728b)
Start importing Assets/Scripts/Contents/World/WorldPosition.cs using Guid(5af6e81a81ae2b7418dce291c491430d) Importer(815301076,1909f56bfc062723c751e8b465ee728b)  -> (artifact id: '44776c122ac560c98ee15897d4532036') in 0.061598 seconds 
  Import took 0.572676 seconds .

========================================================================
Received Import Request.
  Time since last request: 1187.275509 seconds.
  path: Assets/Scripts/Contents/World/WorldPosition.cs
  artifactKey: Guid(5af6e81a81ae2b7418dce291c491430d) Importer(815301076,1909f56bfc062723c751e8b465ee728b)
Start importing Assets/Scripts/Contents/World/WorldPosition.cs using Guid(5af6e81a81ae2b7418dce291c491430d) Importer(815301076,1909f56bfc062723c751e8b465ee728b)  -> (artifact id: 'dfdf0add5d87b5a50027aa7402e3a9f4') in 0.005248 seconds 
  Import took 0.012103 seconds .

========================================================================
Received Import Request.
  Time since last request: 36.956920 seconds.
  path: Assets/Scripts/Contents/World/WorldData/StartWorld.cs
  artifactKey: Guid(21084bc79ce12a246854a5cdfcc448a0) Importer(815301076,1909f56bfc062723c751e8b465ee728b)
Start importing Assets/Scripts/Contents/World/WorldData/StartWorld.cs using Guid(21084bc79ce12a246854a5cdfcc448a0) Importer(815301076,1909f56bfc062723c751e8b465ee728b)  -> (artifact id: 'ef0eb008fc64b7ca7822e87787cb21e5') in 0.011936 seconds 
  Import took 0.022844 seconds .

========================================================================
Received Import Request.
  Time since last request: 188.918442 seconds.
  path: Assets/Scripts/Contents/World/WorldData/StartWorld.cs
  artifactKey: Guid(21084bc79ce12a246854a5cdfcc448a0) Importer(815301076,1909f56bfc062723c751e8b465ee728b)
Start importing Assets/Scripts/Contents/World/WorldData/StartWorld.cs using Guid(21084bc79ce12a246854a5cdfcc448a0) Importer(815301076,1909f56bfc062723c751e8b465ee728b)  -> (artifact id: '912ca47a6f6dc2d79073c8b18a1a9395') in 0.007575 seconds 
  Import took 0.027600 seconds .

========================================================================
Received Import Request.
  Time since last request: 809.999496 seconds.
  path: Assets/Scripts/Contents/World/WorldData/StartWorld.cs
  artifactKey: Guid(21084bc79ce12a246854a5cdfcc448a0) Importer(815301076,1909f56bfc062723c751e8b465ee728b)
Start importing Assets/Scripts/Contents/World/WorldData/StartWorld.cs using Guid(21084bc79ce12a246854a5cdfcc448a0) Importer(815301076,1909f56bfc062723c751e8b465ee728b)  -> (artifact id: 'fd28993138bf60f67d9525b0c68eef24') in 0.003890 seconds 
  Import took 0.013243 seconds .

========================================================================
Received Import Request.
  Time since last request: 4642.346213 seconds.
  path: Assets/Scripts/Contents/World/BaseTileGenerator.cs
  artifactKey: Guid(74e25e805e5fb8740ad0a87e497e0802) Importer(815301076,1909f56bfc062723c751e8b465ee728b)
Start importing Assets/Scripts/Contents/World/BaseTileGenerator.cs using Guid(74e25e805e5fb8740ad0a87e497e0802) Importer(815301076,1909f56bfc062723c751e8b465ee728b)  -> (artifact id: '142a907f98bd1cae3f4a75d038a901ee') in 0.009364 seconds 
  Import took 0.335259 seconds .

========================================================================
Received Import Request.
  Time since last request: 12.514904 seconds.
  path: Assets/Scripts/Contents/World/TileData
  artifactKey: Guid(4641436399780fb4da0c72bfff4d8de6) Importer(815301076,1909f56bfc062723c751e8b465ee728b)
Start importing Assets/Scripts/Contents/World/TileData using Guid(4641436399780fb4da0c72bfff4d8de6) Importer(815301076,1909f56bfc062723c751e8b465ee728b)  -> (artifact id: '5209c32e7a3e0807bbdf0f54dda6b1fd') in 0.009054 seconds 
  Import took 0.015128 seconds .

========================================================================
Received Import Request.
  Time since last request: 0.003996 seconds.
  path: Assets/Scripts/Contents/World/TileData
  artifactKey: Guid(4641436399780fb4da0c72bfff4d8de6) Importer(815301076,1909f56bfc062723c751e8b465ee728b)
Start importing Assets/Scripts/Contents/World/TileData using Guid(4641436399780fb4da0c72bfff4d8de6) Importer(815301076,1909f56bfc062723c751e8b465ee728b)  -> (artifact id: '5209c32e7a3e0807bbdf0f54dda6b1fd') in 0.003205 seconds 
  Import took 0.009178 seconds .

========================================================================
Received Import Request.
  Time since last request: 7.106601 seconds.
  path: Assets/Scripts/Contents/World/Tile
  artifactKey: Guid(4641436399780fb4da0c72bfff4d8de6) Importer(815301076,1909f56bfc062723c751e8b465ee728b)
Start importing Assets/Scripts/Contents/World/Tile using Guid(4641436399780fb4da0c72bfff4d8de6) Importer(815301076,1909f56bfc062723c751e8b465ee728b)  -> (artifact id: '10b8c6496b46dec19b7673cd2514081b') in 0.007764 seconds 
  Import took 0.013957 seconds .

========================================================================
Received Import Request.
  Time since last request: 618.402493 seconds.
  path: Assets/Scripts/Contents/World/Tile/BaseTileBrush.cs
  artifactKey: Guid(74e25e805e5fb8740ad0a87e497e0802) Importer(815301076,1909f56bfc062723c751e8b465ee728b)
Start importing Assets/Scripts/Contents/World/Tile/BaseTileBrush.cs using Guid(74e25e805e5fb8740ad0a87e497e0802) Importer(815301076,1909f56bfc062723c751e8b465ee728b)  -> (artifact id: 'f25c0e1523a8b6926e4f61a0868553a4') in 0.008428 seconds 
  Import took 0.015985 seconds .

========================================================================
Received Import Request.
  Time since last request: 0.011494 seconds.
  path: Assets/Scripts/Contents/World/Tile/BaseTileBrush.cs
  artifactKey: Guid(74e25e805e5fb8740ad0a87e497e0802) Importer(815301076,1909f56bfc062723c751e8b465ee728b)
Start importing Assets/Scripts/Contents/World/Tile/BaseTileBrush.cs using Guid(74e25e805e5fb8740ad0a87e497e0802) Importer(815301076,1909f56bfc062723c751e8b465ee728b)  -> (artifact id: 'f25c0e1523a8b6926e4f61a0868553a4') in 0.004643 seconds 
  Import took 0.011977 seconds .

========================================================================
Received Import Request.
  Time since last request: 19.474324 seconds.
  path: Assets/Scripts/Contents/World/Tile/AbandonedMineShaftBrush.cs
  artifactKey: Guid(e17c152fa6156a74a9b4409cebc6042b) Importer(815301076,1909f56bfc062723c751e8b465ee728b)
Start importing Assets/Scripts/Contents/World/Tile/AbandonedMineShaftBrush.cs using Guid(e17c152fa6156a74a9b4409cebc6042b) Importer(815301076,1909f56bfc062723c751e8b465ee728b)  -> (artifact id: '24474dd40f16fb372d1bdfdb461c4416') in 0.008740 seconds 
  Import took 0.016512 seconds .

========================================================================
Received Import Request.
  Time since last request: 37.769096 seconds.
  path: Assets/Scripts/Contents/World/Tile/TileBrush_CrystalLake.cs
  artifactKey: Guid(398a2e17c5c06304b883dbb3fa65a171) Importer(815301076,1909f56bfc062723c751e8b465ee728b)
Start importing Assets/Scripts/Contents/World/Tile/TileBrush_CrystalLake.cs using Guid(398a2e17c5c06304b883dbb3fa65a171) Importer(815301076,1909f56bfc062723c751e8b465ee728b)  -> (artifact id: '80e6c789c8e7e5fce2759fc31ae811af') in 0.009659 seconds 
  Import took 0.016999 seconds .

========================================================================
Received Import Request.
  Time since last request: 1984.903250 seconds.
  path: Assets/Scripts/Contents/World/Tile/TileBrush_AbandonedMineShaft.cs
  artifactKey: Guid(e17c152fa6156a74a9b4409cebc6042b) Importer(815301076,1909f56bfc062723c751e8b465ee728b)
Start importing Assets/Scripts/Contents/World/Tile/TileBrush_AbandonedMineShaft.cs using Guid(e17c152fa6156a74a9b4409cebc6042b) Importer(815301076,1909f56bfc062723c751e8b465ee728b)  -> (artifact id: '05927acd4ce5dfbe41a94357c8283bb8') in 0.013970 seconds 
  Import took 0.026685 seconds .

========================================================================
Received Import Request.
  Time since last request: 0.004122 seconds.
  path: Assets/Scripts/Contents/World/Tile/TileBrush_AbandonedMineShaft.cs
  artifactKey: Guid(e17c152fa6156a74a9b4409cebc6042b) Importer(815301076,1909f56bfc062723c751e8b465ee728b)
Start importing Assets/Scripts/Contents/World/Tile/TileBrush_AbandonedMineShaft.cs using Guid(e17c152fa6156a74a9b4409cebc6042b) Importer(815301076,1909f56bfc062723c751e8b465ee728b)  -> (artifact id: '05927acd4ce5dfbe41a94357c8283bb8') in 0.006383 seconds 
  Import took 0.016436 seconds .

========================================================================
Received Import Request.
  Time since last request: 20.266848 seconds.
  path: Assets/Scripts/Contents/World/Tile/TileGenerator.cs
  artifactKey: Guid(64a70b6fe10b9444d83fd75bb62cc3da) Importer(815301076,1909f56bfc062723c751e8b465ee728b)
Start importing Assets/Scripts/Contents/World/Tile/TileGenerator.cs using Guid(64a70b6fe10b9444d83fd75bb62cc3da) Importer(815301076,1909f56bfc062723c751e8b465ee728b)  -> (artifact id: '80ca42907eb3c46d516fc807114da409') in 0.008153 seconds 
  Import took 0.014048 seconds .

========================================================================
Received Import Request.
  Time since last request: 660.407363 seconds.
  path: Assets/Scripts/Contents/World/Tile/TileGenerator.cs
  artifactKey: Guid(64a70b6fe10b9444d83fd75bb62cc3da) Importer(815301076,1909f56bfc062723c751e8b465ee728b)
Start importing Assets/Scripts/Contents/World/Tile/TileGenerator.cs using Guid(64a70b6fe10b9444d83fd75bb62cc3da) Importer(815301076,1909f56bfc062723c751e8b465ee728b)  -> (artifact id: '14c2c0c09a7ffca7de37ded0f7824b69') in 0.006899 seconds 
  Import took 0.014135 seconds .

========================================================================
Received Import Request.
  Time since last request: 0.011260 seconds.
  path: Assets/Scripts/Contents/World/Tile/TileGenerator.cs
  artifactKey: Guid(64a70b6fe10b9444d83fd75bb62cc3da) Importer(815301076,1909f56bfc062723c751e8b465ee728b)
Start importing Assets/Scripts/Contents/World/Tile/TileGenerator.cs using Guid(64a70b6fe10b9444d83fd75bb62cc3da) Importer(815301076,1909f56bfc062723c751e8b465ee728b)  -> (artifact id: '14c2c0c09a7ffca7de37ded0f7824b69') in 0.003310 seconds 
  Import took 0.008011 seconds .

